[2018-11-25 14:36:33.823] [exthost1] [info] extension host started
[2018-11-25 14:36:34.695] [exthost1] [info] extension host started
[2018-11-25 14:36:34.719] [exthost1] [info] ExtensionService#_doActivateExtension vscode.debug-auto-launch {"startup":true,"activationEvent":"*"}
[2018-11-25 14:36:34.719] [exthost1] [info] ExtensionService#loadCommonJSModule c:\Users\Meek\.codemix\engine\resources\app\extensions\debug-auto-launch\out\extension
[2018-11-25 14:36:34.727] [exthost1] [info] ExtensionService#_doActivateExtension vscode.emmet {"startup":true,"activationEvent":"*"}
[2018-11-25 14:36:34.727] [exthost1] [info] ExtensionService#loadCommonJSModule c:\Users\Meek\.codemix\engine\resources\app\extensions\emmet\dist\extension
[2018-11-25 14:36:34.772] [exthost1] [info] ExtensionService#_doActivateExtension vscode.merge-conflict {"startup":true,"activationEvent":"*"}
[2018-11-25 14:36:34.772] [exthost1] [info] ExtensionService#loadCommonJSModule c:\Users\Meek\.codemix\engine\resources\app\extensions\merge-conflict\out\extension
[2018-11-25 14:36:34.789] [exthost1] [info] ExtensionService#_doActivateExtension vscode.search-rg {"startup":true,"activationEvent":"*"}
[2018-11-25 14:36:34.789] [exthost1] [info] ExtensionService#loadCommonJSModule c:\Users\Meek\.codemix\engine\resources\app\extensions\search-rg\out\extension
[2018-11-25 14:36:34.801] [exthost1] [info] eager extensions activated
[2018-11-25 14:36:34.801] [exthost1] [info] ExtensionService#_doActivateExtension vscode.configuration-editing {"startup":false,"activationEvent":"onLanguage:jsonc"}
[2018-11-25 14:36:34.801] [exthost1] [info] ExtensionService#loadCommonJSModule c:\Users\Meek\.codemix\engine\resources\app\extensions\configuration-editing\out\extension
[2018-11-25 14:36:34.813] [exthost1] [info] ExtensionService#_doActivateExtension vscode.json-language-features {"startup":false,"activationEvent":"onLanguage:jsonc"}
[2018-11-25 14:36:34.813] [exthost1] [info] ExtensionService#loadCommonJSModule c:\Users\Meek\.codemix\engine\resources\app\extensions\json-language-features\client\dist\jsonMain
[2018-11-25 14:36:34.954] [exthost1] [info] ExtensionService#_doActivateExtension vscode.typescript-language-features {"startup":false,"activationEvent":"onLanguage:jsonc"}
[2018-11-25 14:36:34.954] [exthost1] [info] ExtensionService#loadCommonJSModule c:\Users\Meek\.codemix\engine\resources\app\extensions\typescript-language-features\dist\extension
[2018-11-25 14:36:35.085] [exthost1] [info] ExtensionService#_doActivateExtension vscode.grunt {"startup":false,"activationEvent":"onCommand:workbench.action.tasks.runTask"}
[2018-11-25 14:36:35.085] [exthost1] [info] ExtensionService#loadCommonJSModule c:\Users\Meek\.codemix\engine\resources\app\extensions\grunt\out\main
[2018-11-25 14:36:35.090] [exthost1] [info] ExtensionService#_doActivateExtension vscode.gulp {"startup":false,"activationEvent":"onCommand:workbench.action.tasks.runTask"}
[2018-11-25 14:36:35.090] [exthost1] [info] ExtensionService#loadCommonJSModule c:\Users\Meek\.codemix\engine\resources\app\extensions\gulp\out\main
[2018-11-25 14:36:35.096] [exthost1] [info] ExtensionService#_doActivateExtension vscode.jake {"startup":false,"activationEvent":"onCommand:workbench.action.tasks.runTask"}
[2018-11-25 14:36:35.096] [exthost1] [info] ExtensionService#loadCommonJSModule c:\Users\Meek\.codemix\engine\resources\app\extensions\jake\out\main
[2018-11-25 14:36:35.103] [exthost1] [info] ExtensionService#_doActivateExtension vscode.npm {"startup":false,"activationEvent":"onCommand:workbench.action.tasks.runTask"}
[2018-11-25 14:36:35.103] [exthost1] [info] ExtensionService#loadCommonJSModule c:\Users\Meek\.codemix\engine\resources\app\extensions\npm\out\main
[2018-11-25 14:37:58.647] [exthost1] [info] extension host started
[2018-11-25 14:37:58.733] [exthost1] [info] ExtensionService#_doActivateExtension vscode.debug-auto-launch {"startup":true,"activationEvent":"*"}
[2018-11-25 14:37:58.733] [exthost1] [info] ExtensionService#loadCommonJSModule c:\Users\Meek\.codemix\engine\resources\app\extensions\debug-auto-launch\out\extension
[2018-11-25 14:37:58.748] [exthost1] [info] ExtensionService#_doActivateExtension vscode.emmet {"startup":true,"activationEvent":"*"}
[2018-11-25 14:37:58.748] [exthost1] [info] ExtensionService#loadCommonJSModule c:\Users\Meek\.codemix\engine\resources\app\extensions\emmet\dist\extension
[2018-11-25 14:37:58.847] [exthost1] [info] ExtensionService#_doActivateExtension vscode.merge-conflict {"startup":true,"activationEvent":"*"}
[2018-11-25 14:37:58.847] [exthost1] [info] ExtensionService#loadCommonJSModule c:\Users\Meek\.codemix\engine\resources\app\extensions\merge-conflict\out\extension
[2018-11-25 14:37:58.888] [exthost1] [info] ExtensionService#_doActivateExtension vscode.search-rg {"startup":true,"activationEvent":"*"}
[2018-11-25 14:37:58.888] [exthost1] [info] ExtensionService#loadCommonJSModule c:\Users\Meek\.codemix\engine\resources\app\extensions\search-rg\out\extension
[2018-11-25 14:37:58.910] [exthost1] [info] eager extensions activated
[2018-11-25 14:37:58.910] [exthost1] [info] ExtensionService#_doActivateExtension vscode.configuration-editing {"startup":false,"activationEvent":"onLanguage:jsonc"}
[2018-11-25 14:37:58.910] [exthost1] [info] ExtensionService#loadCommonJSModule c:\Users\Meek\.codemix\engine\resources\app\extensions\configuration-editing\out\extension
[2018-11-25 14:37:58.961] [exthost1] [info] ExtensionService#_doActivateExtension vscode.json-language-features {"startup":false,"activationEvent":"onLanguage:jsonc"}
[2018-11-25 14:37:58.961] [exthost1] [info] ExtensionService#loadCommonJSModule c:\Users\Meek\.codemix\engine\resources\app\extensions\json-language-features\client\dist\jsonMain
[2018-11-25 14:37:59.463] [exthost1] [info] ExtensionService#_doActivateExtension vscode.typescript-language-features {"startup":false,"activationEvent":"onLanguage:jsonc"}
[2018-11-25 14:37:59.463] [exthost1] [info] ExtensionService#loadCommonJSModule c:\Users\Meek\.codemix\engine\resources\app\extensions\typescript-language-features\dist\extension
[2018-11-25 14:37:59.877] [exthost1] [info] ExtensionService#_doActivateExtension vscode.grunt {"startup":false,"activationEvent":"onCommand:workbench.action.tasks.runTask"}
[2018-11-25 14:37:59.877] [exthost1] [info] ExtensionService#loadCommonJSModule c:\Users\Meek\.codemix\engine\resources\app\extensions\grunt\out\main
[2018-11-25 14:37:59.894] [exthost1] [info] ExtensionService#_doActivateExtension vscode.gulp {"startup":false,"activationEvent":"onCommand:workbench.action.tasks.runTask"}
[2018-11-25 14:37:59.894] [exthost1] [info] ExtensionService#loadCommonJSModule c:\Users\Meek\.codemix\engine\resources\app\extensions\gulp\out\main
[2018-11-25 14:37:59.919] [exthost1] [info] ExtensionService#_doActivateExtension vscode.jake {"startup":false,"activationEvent":"onCommand:workbench.action.tasks.runTask"}
[2018-11-25 14:37:59.919] [exthost1] [info] ExtensionService#loadCommonJSModule c:\Users\Meek\.codemix\engine\resources\app\extensions\jake\out\main
[2018-11-25 14:37:59.932] [exthost1] [info] ExtensionService#_doActivateExtension vscode.npm {"startup":false,"activationEvent":"onCommand:workbench.action.tasks.runTask"}
[2018-11-25 14:37:59.932] [exthost1] [info] ExtensionService#loadCommonJSModule c:\Users\Meek\.codemix\engine\resources\app\extensions\npm\out\main
